{"/Users/mac/StellarYield/client/src/components/calculator/YieldCalculator.tsx": {"path":"/Users/mac/StellarYield/client/src/components/calculator/YieldCalculator.tsx","all":false,"statementMap":{"0":{"start":{"line":1,"column":0},"end":{"line":1,"column":60}},"1":{"start":{"line":2,"column":0},"end":{"line":2,"column":8}},"11":{"start":{"line":12,"column":0},"end":{"line":12,"column":8}},"19":{"start":{"line":20,"column":0},"end":{"line":20,"column":8}},"35":{"start":{"line":36,"column":0},"end":{"line":36,"column":43}},"37":{"start":{"line":38,"column":0},"end":{"line":38,"column":52}},"38":{"start":{"line":39,"column":0},"end":{"line":39,"column":70}},"39":{"start":{"line":40,"column":0},"end":{"line":40,"column":38}},"40":{"start":{"line":41,"column":0},"end":{"line":41,"column":40}},"43":{"start":{"line":44,"column":0},"end":{"line":44,"column":56}},"44":{"start":{"line":45,"column":0},"end":{"line":45,"column":84}},"47":{"start":{"line":48,"column":0},"end":{"line":48,"column":49}},"48":{"start":{"line":49,"column":0},"end":{"line":49,"column":14}},"49":{"start":{"line":50,"column":0},"end":{"line":50,"column":24}},"50":{"start":{"line":51,"column":0},"end":{"line":51,"column":8}},"51":{"start":{"line":52,"column":0},"end":{"line":52,"column":10}},"52":{"start":{"line":53,"column":0},"end":{"line":53,"column":52}},"55":{"start":{"line":56,"column":0},"end":{"line":56,"column":65}},"58":{"start":{"line":59,"column":0},"end":{"line":59,"column":37}},"59":{"start":{"line":60,"column":0},"end":{"line":60,"column":37}},"60":{"start":{"line":61,"column":0},"end":{"line":61,"column":47}},"61":{"start":{"line":62,"column":0},"end":{"line":62,"column":23}},"64":{"start":{"line":65,"column":0},"end":{"line":65,"column":33}},"65":{"start":{"line":66,"column":0},"end":{"line":66,"column":35}},"66":{"start":{"line":67,"column":0},"end":{"line":67,"column":14}},"67":{"start":{"line":68,"column":0},"end":{"line":68,"column":22}},"68":{"start":{"line":69,"column":0},"end":{"line":69,"column":30}},"69":{"start":{"line":70,"column":0},"end":{"line":70,"column":25}},"70":{"start":{"line":71,"column":0},"end":{"line":71,"column":30}},"71":{"start":{"line":72,"column":0},"end":{"line":72,"column":28}},"72":{"start":{"line":73,"column":0},"end":{"line":73,"column":8}},"73":{"start":{"line":74,"column":0},"end":{"line":74,"column":5}},"74":{"start":{"line":75,"column":0},"end":{"line":75,"column":51}},"75":{"start":{"line":76,"column":0},"end":{"line":76,"column":20}},"78":{"start":{"line":79,"column":0},"end":{"line":79,"column":45}},"79":{"start":{"line":80,"column":0},"end":{"line":80,"column":55}},"80":{"start":{"line":81,"column":0},"end":{"line":81,"column":58}},"81":{"start":{"line":82,"column":0},"end":{"line":82,"column":39}},"84":{"start":{"line":85,"column":0},"end":{"line":85,"column":19}},"85":{"start":{"line":86,"column":0},"end":{"line":86,"column":48}},"86":{"start":{"line":87,"column":0},"end":{"line":87,"column":51}},"87":{"start":{"line":88,"column":0},"end":{"line":88,"column":35}},"88":{"start":{"line":89,"column":0},"end":{"line":89,"column":14}},"91":{"start":{"line":92,"column":0},"end":{"line":92,"column":35}},"92":{"start":{"line":93,"column":0},"end":{"line":93,"column":46}},"93":{"start":{"line":94,"column":0},"end":{"line":94,"column":26}},"94":{"start":{"line":95,"column":0},"end":{"line":95,"column":23}},"95":{"start":{"line":96,"column":0},"end":{"line":96,"column":86}},"96":{"start":{"line":97,"column":0},"end":{"line":97,"column":48}},"97":{"start":{"line":98,"column":0},"end":{"line":98,"column":44}},"98":{"start":{"line":99,"column":0},"end":{"line":99,"column":49}},"99":{"start":{"line":100,"column":0},"end":{"line":100,"column":8}},"100":{"start":{"line":101,"column":0},"end":{"line":101,"column":28}},"103":{"start":{"line":104,"column":0},"end":{"line":104,"column":62}},"104":{"start":{"line":105,"column":0},"end":{"line":105,"column":46}},"105":{"start":{"line":106,"column":0},"end":{"line":106,"column":38}},"106":{"start":{"line":107,"column":0},"end":{"line":107,"column":14}},"107":{"start":{"line":108,"column":0},"end":{"line":108,"column":87}},"108":{"start":{"line":109,"column":0},"end":{"line":109,"column":71}},"109":{"start":{"line":110,"column":0},"end":{"line":110,"column":45}},"110":{"start":{"line":111,"column":0},"end":{"line":111,"column":42}},"111":{"start":{"line":112,"column":0},"end":{"line":112,"column":60}},"112":{"start":{"line":113,"column":0},"end":{"line":113,"column":16}},"113":{"start":{"line":114,"column":0},"end":{"line":114,"column":41}},"114":{"start":{"line":115,"column":0},"end":{"line":115,"column":60}},"115":{"start":{"line":116,"column":0},"end":{"line":116,"column":16}},"116":{"start":{"line":117,"column":0},"end":{"line":117,"column":41}},"117":{"start":{"line":118,"column":0},"end":{"line":118,"column":62}},"118":{"start":{"line":119,"column":0},"end":{"line":119,"column":16}},"119":{"start":{"line":120,"column":0},"end":{"line":120,"column":16}},"120":{"start":{"line":121,"column":0},"end":{"line":121,"column":14}},"122":{"start":{"line":123,"column":0},"end":{"line":123,"column":5}},"123":{"start":{"line":124,"column":0},"end":{"line":124,"column":16}},"124":{"start":{"line":125,"column":0},"end":{"line":125,"column":4}},"126":{"start":{"line":127,"column":0},"end":{"line":127,"column":26}},"127":{"start":{"line":128,"column":0},"end":{"line":128,"column":12}},"128":{"start":{"line":129,"column":0},"end":{"line":129,"column":38}},"129":{"start":{"line":130,"column":0},"end":{"line":130,"column":67}},"130":{"start":{"line":131,"column":0},"end":{"line":131,"column":28}},"131":{"start":{"line":132,"column":0},"end":{"line":132,"column":59}},"132":{"start":{"line":133,"column":0},"end":{"line":133,"column":14}},"133":{"start":{"line":134,"column":0},"end":{"line":134,"column":69}},"134":{"start":{"line":135,"column":0},"end":{"line":135,"column":41}},"135":{"start":{"line":136,"column":0},"end":{"line":136,"column":40}},"136":{"start":{"line":137,"column":0},"end":{"line":137,"column":13}},"137":{"start":{"line":138,"column":0},"end":{"line":138,"column":13}},"138":{"start":{"line":139,"column":0},"end":{"line":139,"column":12}},"140":{"start":{"line":141,"column":0},"end":{"line":141,"column":3}},"142":{"start":{"line":143,"column":0},"end":{"line":143,"column":10}},"143":{"start":{"line":144,"column":0},"end":{"line":144,"column":36}},"145":{"start":{"line":146,"column":0},"end":{"line":146,"column":52}},"146":{"start":{"line":147,"column":0},"end":{"line":147,"column":60}},"147":{"start":{"line":148,"column":0},"end":{"line":148,"column":13}},"148":{"start":{"line":149,"column":0},"end":{"line":149,"column":77}},"149":{"start":{"line":150,"column":0},"end":{"line":150,"column":85}},"150":{"start":{"line":151,"column":0},"end":{"line":151,"column":14}},"151":{"start":{"line":152,"column":0},"end":{"line":152,"column":12}},"154":{"start":{"line":155,"column":0},"end":{"line":155,"column":66}},"156":{"start":{"line":157,"column":0},"end":{"line":157,"column":35}},"157":{"start":{"line":158,"column":0},"end":{"line":158,"column":51}},"158":{"start":{"line":159,"column":0},"end":{"line":159,"column":64}},"159":{"start":{"line":160,"column":0},"end":{"line":160,"column":77}},"160":{"start":{"line":161,"column":0},"end":{"line":161,"column":16}},"161":{"start":{"line":162,"column":0},"end":{"line":162,"column":51}},"162":{"start":{"line":163,"column":0},"end":{"line":163,"column":18}},"163":{"start":{"line":164,"column":0},"end":{"line":164,"column":26}},"164":{"start":{"line":165,"column":0},"end":{"line":165,"column":21}},"165":{"start":{"line":166,"column":0},"end":{"line":166,"column":26}},"166":{"start":{"line":167,"column":0},"end":{"line":167,"column":25}},"167":{"start":{"line":168,"column":0},"end":{"line":168,"column":31}},"168":{"start":{"line":169,"column":0},"end":{"line":169,"column":68}},"169":{"start":{"line":170,"column":0},"end":{"line":170,"column":98}},"170":{"start":{"line":171,"column":0},"end":{"line":171,"column":14}},"171":{"start":{"line":172,"column":0},"end":{"line":172,"column":76}},"172":{"start":{"line":173,"column":0},"end":{"line":173,"column":41}},"173":{"start":{"line":174,"column":0},"end":{"line":174,"column":19}},"174":{"start":{"line":175,"column":0},"end":{"line":175,"column":16}},"175":{"start":{"line":176,"column":0},"end":{"line":176,"column":14}},"178":{"start":{"line":179,"column":0},"end":{"line":179,"column":35}},"179":{"start":{"line":180,"column":0},"end":{"line":180,"column":51}},"180":{"start":{"line":181,"column":0},"end":{"line":181,"column":64}},"181":{"start":{"line":182,"column":0},"end":{"line":182,"column":78}},"182":{"start":{"line":183,"column":0},"end":{"line":183,"column":16}},"183":{"start":{"line":184,"column":0},"end":{"line":184,"column":51}},"184":{"start":{"line":185,"column":0},"end":{"line":185,"column":18}},"185":{"start":{"line":186,"column":0},"end":{"line":186,"column":26}},"186":{"start":{"line":187,"column":0},"end":{"line":187,"column":21}},"187":{"start":{"line":188,"column":0},"end":{"line":188,"column":25}},"188":{"start":{"line":189,"column":0},"end":{"line":189,"column":24}},"189":{"start":{"line":190,"column":0},"end":{"line":190,"column":41}},"190":{"start":{"line":191,"column":0},"end":{"line":191,"column":78}},"191":{"start":{"line":192,"column":0},"end":{"line":192,"column":98}},"192":{"start":{"line":193,"column":0},"end":{"line":193,"column":14}},"193":{"start":{"line":194,"column":0},"end":{"line":194,"column":76}},"194":{"start":{"line":195,"column":0},"end":{"line":195,"column":51}},"195":{"start":{"line":196,"column":0},"end":{"line":196,"column":19}},"196":{"start":{"line":197,"column":0},"end":{"line":197,"column":16}},"197":{"start":{"line":198,"column":0},"end":{"line":198,"column":14}},"200":{"start":{"line":201,"column":0},"end":{"line":201,"column":35}},"201":{"start":{"line":202,"column":0},"end":{"line":202,"column":51}},"202":{"start":{"line":203,"column":0},"end":{"line":203,"column":61}},"203":{"start":{"line":204,"column":0},"end":{"line":204,"column":72}},"204":{"start":{"line":205,"column":0},"end":{"line":205,"column":16}},"205":{"start":{"line":206,"column":0},"end":{"line":206,"column":34}},"206":{"start":{"line":207,"column":0},"end":{"line":207,"column":55}},"207":{"start":{"line":208,"column":0},"end":{"line":208,"column":56}},"209":{"start":{"line":210,"column":0},"end":{"line":210,"column":70}},"210":{"start":{"line":211,"column":0},"end":{"line":211,"column":31}},"211":{"start":{"line":212,"column":0},"end":{"line":212,"column":133}},"213":{"start":{"line":214,"column":0},"end":{"line":214,"column":22}},"215":{"start":{"line":216,"column":0},"end":{"line":216,"column":18}},"216":{"start":{"line":217,"column":0},"end":{"line":217,"column":16}},"217":{"start":{"line":218,"column":0},"end":{"line":218,"column":51}},"218":{"start":{"line":219,"column":0},"end":{"line":219,"column":18}},"219":{"start":{"line":220,"column":0},"end":{"line":220,"column":26}},"220":{"start":{"line":221,"column":0},"end":{"line":221,"column":21}},"221":{"start":{"line":222,"column":0},"end":{"line":222,"column":22}},"222":{"start":{"line":223,"column":0},"end":{"line":223,"column":24}},"223":{"start":{"line":224,"column":0},"end":{"line":224,"column":25}},"224":{"start":{"line":225,"column":0},"end":{"line":225,"column":62}},"225":{"start":{"line":226,"column":0},"end":{"line":226,"column":98}},"226":{"start":{"line":227,"column":0},"end":{"line":227,"column":14}},"227":{"start":{"line":228,"column":0},"end":{"line":228,"column":75}},"228":{"start":{"line":229,"column":0},"end":{"line":229,"column":40}},"229":{"start":{"line":230,"column":0},"end":{"line":230,"column":19}},"230":{"start":{"line":231,"column":0},"end":{"line":231,"column":16}},"231":{"start":{"line":232,"column":0},"end":{"line":232,"column":14}},"234":{"start":{"line":235,"column":0},"end":{"line":235,"column":35}},"235":{"start":{"line":236,"column":0},"end":{"line":236,"column":51}},"236":{"start":{"line":237,"column":0},"end":{"line":237,"column":62}},"237":{"start":{"line":238,"column":0},"end":{"line":238,"column":74}},"238":{"start":{"line":239,"column":0},"end":{"line":239,"column":16}},"239":{"start":{"line":240,"column":0},"end":{"line":240,"column":51}},"240":{"start":{"line":241,"column":0},"end":{"line":241,"column":18}},"241":{"start":{"line":242,"column":0},"end":{"line":242,"column":26}},"242":{"start":{"line":243,"column":0},"end":{"line":243,"column":21}},"243":{"start":{"line":244,"column":0},"end":{"line":244,"column":22}},"244":{"start":{"line":245,"column":0},"end":{"line":245,"column":22}},"245":{"start":{"line":246,"column":0},"end":{"line":246,"column":27}},"246":{"start":{"line":247,"column":0},"end":{"line":247,"column":64}},"247":{"start":{"line":248,"column":0},"end":{"line":248,"column":98}},"248":{"start":{"line":249,"column":0},"end":{"line":249,"column":14}},"249":{"start":{"line":250,"column":0},"end":{"line":250,"column":75}},"250":{"start":{"line":251,"column":0},"end":{"line":251,"column":22}},"251":{"start":{"line":252,"column":0},"end":{"line":252,"column":19}},"252":{"start":{"line":253,"column":0},"end":{"line":253,"column":16}},"253":{"start":{"line":254,"column":0},"end":{"line":254,"column":14}},"254":{"start":{"line":255,"column":0},"end":{"line":255,"column":12}},"257":{"start":{"line":258,"column":0},"end":{"line":258,"column":66}},"258":{"start":{"line":259,"column":0},"end":{"line":259,"column":19}},"259":{"start":{"line":260,"column":0},"end":{"line":260,"column":29}},"260":{"start":{"line":261,"column":0},"end":{"line":261,"column":52}},"261":{"start":{"line":262,"column":0},"end":{"line":262,"column":32}},"262":{"start":{"line":263,"column":0},"end":{"line":263,"column":10}},"263":{"start":{"line":264,"column":0},"end":{"line":264,"column":19}},"264":{"start":{"line":265,"column":0},"end":{"line":265,"column":35}},"265":{"start":{"line":266,"column":0},"end":{"line":266,"column":60}},"266":{"start":{"line":267,"column":0},"end":{"line":267,"column":31}},"267":{"start":{"line":268,"column":0},"end":{"line":268,"column":10}},"268":{"start":{"line":269,"column":0},"end":{"line":269,"column":19}},"269":{"start":{"line":270,"column":0},"end":{"line":270,"column":33}},"270":{"start":{"line":271,"column":0},"end":{"line":271,"column":55}},"271":{"start":{"line":272,"column":0},"end":{"line":272,"column":33}},"272":{"start":{"line":273,"column":0},"end":{"line":273,"column":10}},"273":{"start":{"line":274,"column":0},"end":{"line":274,"column":19}},"274":{"start":{"line":275,"column":0},"end":{"line":275,"column":30}},"275":{"start":{"line":276,"column":0},"end":{"line":276,"column":62}},"276":{"start":{"line":277,"column":0},"end":{"line":277,"column":33}},"277":{"start":{"line":278,"column":0},"end":{"line":278,"column":10}},"278":{"start":{"line":279,"column":0},"end":{"line":279,"column":12}},"281":{"start":{"line":282,"column":0},"end":{"line":282,"column":52}},"282":{"start":{"line":283,"column":0},"end":{"line":283,"column":57}},"283":{"start":{"line":284,"column":0},"end":{"line":284,"column":36}},"284":{"start":{"line":285,"column":0},"end":{"line":285,"column":59}},"285":{"start":{"line":286,"column":0},"end":{"line":286,"column":19}},"286":{"start":{"line":287,"column":0},"end":{"line":287,"column":29}},"287":{"start":{"line":288,"column":0},"end":{"line":288,"column":61}},"288":{"start":{"line":289,"column":0},"end":{"line":289,"column":72}},"289":{"start":{"line":290,"column":0},"end":{"line":290,"column":47}},"290":{"start":{"line":291,"column":0},"end":{"line":291,"column":46}},"291":{"start":{"line":292,"column":0},"end":{"line":292,"column":67}},"292":{"start":{"line":293,"column":0},"end":{"line":293,"column":17}},"294":{"start":{"line":295,"column":0},"end":{"line":295,"column":60}},"295":{"start":{"line":296,"column":0},"end":{"line":296,"column":21}},"296":{"start":{"line":297,"column":0},"end":{"line":297,"column":13}},"297":{"start":{"line":298,"column":0},"end":{"line":298,"column":14}},"298":{"start":{"line":299,"column":0},"end":{"line":299,"column":12}},"301":{"start":{"line":302,"column":0},"end":{"line":302,"column":40}},"302":{"start":{"line":303,"column":0},"end":{"line":303,"column":56}},"303":{"start":{"line":304,"column":0},"end":{"line":304,"column":90}},"304":{"start":{"line":305,"column":0},"end":{"line":305,"column":18}},"305":{"start":{"line":306,"column":0},"end":{"line":306,"column":80}},"306":{"start":{"line":307,"column":0},"end":{"line":307,"column":74}},"307":{"start":{"line":308,"column":0},"end":{"line":308,"column":73}},"308":{"start":{"line":309,"column":0},"end":{"line":309,"column":31}},"309":{"start":{"line":310,"column":0},"end":{"line":310,"column":78}},"310":{"start":{"line":311,"column":0},"end":{"line":311,"column":74}},"311":{"start":{"line":312,"column":0},"end":{"line":312,"column":73}},"312":{"start":{"line":313,"column":0},"end":{"line":313,"column":31}},"313":{"start":{"line":314,"column":0},"end":{"line":314,"column":81}},"314":{"start":{"line":315,"column":0},"end":{"line":315,"column":74}},"315":{"start":{"line":316,"column":0},"end":{"line":316,"column":73}},"316":{"start":{"line":317,"column":0},"end":{"line":317,"column":31}},"317":{"start":{"line":318,"column":0},"end":{"line":318,"column":19}},"318":{"start":{"line":319,"column":0},"end":{"line":319,"column":68}},"319":{"start":{"line":320,"column":0},"end":{"line":320,"column":18}},"320":{"start":{"line":321,"column":0},"end":{"line":321,"column":29}},"321":{"start":{"line":322,"column":0},"end":{"line":322,"column":30}},"322":{"start":{"line":323,"column":0},"end":{"line":323,"column":54}},"323":{"start":{"line":324,"column":0},"end":{"line":324,"column":14}},"324":{"start":{"line":325,"column":0},"end":{"line":325,"column":18}},"325":{"start":{"line":326,"column":0},"end":{"line":326,"column":30}},"326":{"start":{"line":327,"column":0},"end":{"line":327,"column":54}},"327":{"start":{"line":328,"column":0},"end":{"line":328,"column":73}},"328":{"start":{"line":329,"column":0},"end":{"line":329,"column":14}},"329":{"start":{"line":330,"column":0},"end":{"line":330,"column":51}},"330":{"start":{"line":331,"column":0},"end":{"line":331,"column":22}},"331":{"start":{"line":332,"column":0},"end":{"line":332,"column":17}},"332":{"start":{"line":333,"column":0},"end":{"line":333,"column":29}},"333":{"start":{"line":334,"column":0},"end":{"line":334,"column":32}},"334":{"start":{"line":335,"column":0},"end":{"line":335,"column":30}},"335":{"start":{"line":336,"column":0},"end":{"line":336,"column":43}},"336":{"start":{"line":337,"column":0},"end":{"line":337,"column":29}},"337":{"start":{"line":338,"column":0},"end":{"line":338,"column":34}},"338":{"start":{"line":339,"column":0},"end":{"line":339,"column":14}},"339":{"start":{"line":340,"column":0},"end":{"line":340,"column":17}},"340":{"start":{"line":341,"column":0},"end":{"line":341,"column":29}},"341":{"start":{"line":342,"column":0},"end":{"line":342,"column":30}},"342":{"start":{"line":343,"column":0},"end":{"line":343,"column":30}},"343":{"start":{"line":344,"column":0},"end":{"line":344,"column":41}},"344":{"start":{"line":345,"column":0},"end":{"line":345,"column":29}},"345":{"start":{"line":346,"column":0},"end":{"line":346,"column":36}},"346":{"start":{"line":347,"column":0},"end":{"line":347,"column":14}},"347":{"start":{"line":348,"column":0},"end":{"line":348,"column":17}},"348":{"start":{"line":349,"column":0},"end":{"line":349,"column":29}},"349":{"start":{"line":350,"column":0},"end":{"line":350,"column":33}},"350":{"start":{"line":351,"column":0},"end":{"line":351,"column":30}},"351":{"start":{"line":352,"column":0},"end":{"line":352,"column":44}},"352":{"start":{"line":353,"column":0},"end":{"line":353,"column":29}},"353":{"start":{"line":354,"column":0},"end":{"line":354,"column":35}},"354":{"start":{"line":355,"column":0},"end":{"line":355,"column":14}},"355":{"start":{"line":356,"column":0},"end":{"line":356,"column":22}},"356":{"start":{"line":357,"column":0},"end":{"line":357,"column":30}},"357":{"start":{"line":358,"column":0},"end":{"line":358,"column":12}},"360":{"start":{"line":361,"column":0},"end":{"line":361,"column":59}},"361":{"start":{"line":362,"column":0},"end":{"line":362,"column":54}},"362":{"start":{"line":363,"column":0},"end":{"line":363,"column":56}},"363":{"start":{"line":364,"column":0},"end":{"line":364,"column":75}},"364":{"start":{"line":365,"column":0},"end":{"line":365,"column":14}},"365":{"start":{"line":366,"column":0},"end":{"line":366,"column":57}},"366":{"start":{"line":367,"column":0},"end":{"line":367,"column":54}},"367":{"start":{"line":368,"column":0},"end":{"line":368,"column":12}},"368":{"start":{"line":369,"column":0},"end":{"line":369,"column":50}},"370":{"start":{"line":371,"column":0},"end":{"line":371,"column":12}},"371":{"start":{"line":372,"column":0},"end":{"line":372,"column":12}},"373":{"start":{"line":374,"column":0},"end":{"line":374,"column":19}},"390":{"start":{"line":391,"column":0},"end":{"line":391,"column":16}},"391":{"start":{"line":392,"column":0},"end":{"line":392,"column":10}},"393":{"start":{"line":394,"column":0},"end":{"line":394,"column":1}},"404":{"start":{"line":405,"column":0},"end":{"line":405,"column":70}},"405":{"start":{"line":406,"column":0},"end":{"line":406,"column":10}},"406":{"start":{"line":407,"column":0},"end":{"line":407,"column":52}},"407":{"start":{"line":408,"column":0},"end":{"line":408,"column":59}},"408":{"start":{"line":409,"column":0},"end":{"line":409,"column":61}},"409":{"start":{"line":410,"column":0},"end":{"line":410,"column":10}},"411":{"start":{"line":412,"column":0},"end":{"line":412,"column":1}}},"s":{"0":1,"1":1,"11":1,"19":1,"35":42,"37":42,"38":42,"39":42,"40":42,"43":42,"44":42,"47":42,"48":29,"49":29,"50":29,"51":29,"52":42,"55":42,"58":42,"59":29,"60":29,"61":42,"64":42,"65":29,"66":0,"67":0,"68":0,"69":0,"70":0,"71":0,"72":0,"73":0,"74":29,"75":42,"78":42,"79":33,"80":33,"81":42,"84":42,"85":20,"86":18,"87":1,"88":42,"91":42,"92":33,"93":1989,"94":1989,"95":1989,"96":1989,"97":1989,"98":1989,"99":33,"100":42,"103":42,"104":34,"105":0,"106":0,"107":0,"108":0,"109":0,"110":0,"111":0,"112":0,"113":0,"114":0,"115":0,"116":0,"117":0,"118":0,"119":0,"120":0,"122":0,"123":34,"124":34,"126":42,"127":0,"128":0,"129":0,"130":0,"131":0,"132":0,"133":0,"134":0,"135":0,"136":0,"137":0,"138":0,"140":0,"142":42,"143":42,"145":42,"146":42,"147":42,"148":42,"149":42,"150":42,"151":42,"154":42,"156":42,"157":42,"158":42,"159":42,"160":42,"161":42,"162":42,"163":42,"164":42,"165":42,"166":42,"167":42,"168":42,"169":42,"170":42,"171":42,"172":42,"173":42,"174":42,"175":42,"178":42,"179":42,"180":42,"181":42,"182":42,"183":42,"184":42,"185":42,"186":42,"187":42,"188":42,"189":42,"190":42,"191":42,"192":42,"193":42,"194":42,"195":42,"196":42,"197":42,"200":42,"201":42,"202":42,"203":42,"204":42,"205":42,"206":42,"207":42,"209":42,"210":42,"211":2,"213":2,"215":42,"216":42,"217":42,"218":42,"219":42,"220":42,"221":42,"222":42,"223":42,"224":42,"225":42,"226":42,"227":42,"228":42,"229":42,"230":42,"231":42,"234":42,"235":42,"236":42,"237":42,"238":42,"239":42,"240":42,"241":42,"242":42,"243":42,"244":42,"245":42,"246":42,"247":42,"248":42,"249":42,"250":42,"251":42,"252":42,"253":42,"254":42,"257":42,"258":42,"259":42,"260":42,"261":42,"262":42,"263":42,"264":42,"265":42,"266":42,"267":42,"268":42,"269":42,"270":42,"271":42,"272":42,"273":42,"274":42,"275":42,"276":42,"277":42,"278":42,"281":42,"282":42,"283":42,"284":42,"285":126,"286":126,"287":126,"288":126,"289":126,"290":42,"291":84,"292":126,"294":126,"295":126,"296":42,"297":42,"298":42,"301":42,"302":42,"303":42,"304":42,"305":42,"306":42,"307":42,"308":42,"309":42,"310":42,"311":42,"312":42,"313":42,"314":42,"315":42,"316":42,"317":42,"318":42,"319":42,"320":42,"321":42,"322":42,"323":42,"324":42,"325":42,"326":42,"327":42,"328":42,"329":42,"330":42,"331":42,"332":42,"333":42,"334":42,"335":42,"336":42,"337":42,"338":42,"339":42,"340":42,"341":42,"342":42,"343":42,"344":42,"345":42,"346":42,"347":42,"348":42,"349":42,"350":42,"351":42,"352":42,"353":42,"354":42,"355":42,"356":42,"357":42,"360":42,"361":42,"362":42,"363":42,"364":42,"365":42,"366":42,"367":42,"368":42,"370":42,"371":42,"373":42,"390":42,"391":42,"393":42,"404":1,"405":138,"406":138,"407":138,"408":138,"409":138,"411":138},"branchMap":{"0":{"type":"branch","line":36,"loc":{"start":{"line":36,"column":0},"end":{"line":394,"column":1}},"locations":[{"start":{"line":36,"column":0},"end":{"line":394,"column":1}}]},"1":{"type":"branch","line":127,"loc":{"start":{"line":127,"column":25},"end":{"line":141,"column":3}},"locations":[{"start":{"line":127,"column":25},"end":{"line":141,"column":3}}]},"2":{"type":"branch","line":211,"loc":{"start":{"line":211,"column":15},"end":{"line":214,"column":22}},"locations":[{"start":{"line":211,"column":15},"end":{"line":214,"column":22}}]},"3":{"type":"branch","line":48,"loc":{"start":{"line":48,"column":41},"end":{"line":53,"column":6}},"locations":[{"start":{"line":48,"column":41},"end":{"line":53,"column":6}}]},"4":{"type":"branch","line":56,"loc":{"start":{"line":56,"column":25},"end":{"line":56,"column":55}},"locations":[{"start":{"line":56,"column":25},"end":{"line":56,"column":55}}]},"5":{"type":"branch","line":59,"loc":{"start":{"line":59,"column":30},"end":{"line":62,"column":5}},"locations":[{"start":{"line":59,"column":30},"end":{"line":62,"column":5}}]},"6":{"type":"branch","line":60,"loc":{"start":{"line":60,"column":27},"end":{"line":60,"column":37}},"locations":[{"start":{"line":60,"column":27},"end":{"line":60,"column":37}}]},"7":{"type":"branch","line":65,"loc":{"start":{"line":65,"column":26},"end":{"line":76,"column":5}},"locations":[{"start":{"line":65,"column":26},"end":{"line":76,"column":5}}]},"8":{"type":"branch","line":66,"loc":{"start":{"line":66,"column":34},"end":{"line":74,"column":5}},"locations":[{"start":{"line":66,"column":34},"end":{"line":74,"column":5}}]},"9":{"type":"branch","line":79,"loc":{"start":{"line":79,"column":38},"end":{"line":82,"column":5}},"locations":[{"start":{"line":79,"column":38},"end":{"line":82,"column":5}}]},"10":{"type":"branch","line":81,"loc":{"start":{"line":81,"column":30},"end":{"line":81,"column":56}},"locations":[{"start":{"line":81,"column":30},"end":{"line":81,"column":56}}]},"11":{"type":"branch","line":85,"loc":{"start":{"line":85,"column":12},"end":{"line":89,"column":5}},"locations":[{"start":{"line":85,"column":12},"end":{"line":89,"column":5}}]},"12":{"type":"branch","line":86,"loc":{"start":{"line":86,"column":21},"end":{"line":86,"column":48}},"locations":[{"start":{"line":86,"column":21},"end":{"line":86,"column":48}}]},"13":{"type":"branch","line":86,"loc":{"start":{"line":86,"column":46},"end":{"line":88,"column":35}},"locations":[{"start":{"line":86,"column":46},"end":{"line":88,"column":35}}]},"14":{"type":"branch","line":87,"loc":{"start":{"line":87,"column":25},"end":{"line":87,"column":51}},"locations":[{"start":{"line":87,"column":25},"end":{"line":87,"column":51}}]},"15":{"type":"branch","line":87,"loc":{"start":{"line":87,"column":49},"end":{"line":88,"column":35}},"locations":[{"start":{"line":87,"column":49},"end":{"line":88,"column":35}}]},"16":{"type":"branch","line":92,"loc":{"start":{"line":92,"column":28},"end":{"line":101,"column":5}},"locations":[{"start":{"line":92,"column":28},"end":{"line":101,"column":5}}]},"17":{"type":"branch","line":93,"loc":{"start":{"line":93,"column":35},"end":{"line":100,"column":6}},"locations":[{"start":{"line":93,"column":35},"end":{"line":100,"column":6}}]},"18":{"type":"branch","line":96,"loc":{"start":{"line":96,"column":35},"end":{"line":96,"column":62}},"locations":[{"start":{"line":96,"column":35},"end":{"line":96,"column":62}}]},"19":{"type":"branch","line":96,"loc":{"start":{"line":96,"column":57},"end":{"line":96,"column":86}},"locations":[{"start":{"line":96,"column":57},"end":{"line":96,"column":86}}]},"20":{"type":"branch","line":104,"loc":{"start":{"line":104,"column":24},"end":{"line":125,"column":4}},"locations":[{"start":{"line":104,"column":24},"end":{"line":125,"column":4}}]},"21":{"type":"branch","line":105,"loc":{"start":{"line":105,"column":8},"end":{"line":105,"column":29}},"locations":[{"start":{"line":105,"column":8},"end":{"line":105,"column":29}}]},"22":{"type":"branch","line":105,"loc":{"start":{"line":105,"column":18},"end":{"line":105,"column":45}},"locations":[{"start":{"line":105,"column":18},"end":{"line":105,"column":45}}]},"23":{"type":"branch","line":105,"loc":{"start":{"line":105,"column":45},"end":{"line":123,"column":5}},"locations":[{"start":{"line":105,"column":45},"end":{"line":123,"column":5}}]},"24":{"type":"branch","line":169,"loc":{"start":{"line":169,"column":24},"end":{"line":169,"column":68}},"locations":[{"start":{"line":169,"column":24},"end":{"line":169,"column":68}}]},"25":{"type":"branch","line":191,"loc":{"start":{"line":191,"column":24},"end":{"line":191,"column":78}},"locations":[{"start":{"line":191,"column":24},"end":{"line":191,"column":78}}]},"26":{"type":"branch","line":207,"loc":{"start":{"line":207,"column":28},"end":{"line":207,"column":55}},"locations":[{"start":{"line":207,"column":28},"end":{"line":207,"column":55}}]},"27":{"type":"branch","line":225,"loc":{"start":{"line":225,"column":24},"end":{"line":225,"column":62}},"locations":[{"start":{"line":225,"column":24},"end":{"line":225,"column":62}}]},"28":{"type":"branch","line":247,"loc":{"start":{"line":247,"column":24},"end":{"line":247,"column":64}},"locations":[{"start":{"line":247,"column":24},"end":{"line":247,"column":64}}]},"29":{"type":"branch","line":285,"loc":{"start":{"line":285,"column":43},"end":{"line":296,"column":21}},"locations":[{"start":{"line":285,"column":43},"end":{"line":296,"column":21}}]},"30":{"type":"branch","line":290,"loc":{"start":{"line":290,"column":38},"end":{"line":291,"column":46}},"locations":[{"start":{"line":290,"column":38},"end":{"line":291,"column":46}}]},"31":{"type":"branch","line":291,"loc":{"start":{"line":291,"column":20},"end":{"line":292,"column":67}},"locations":[{"start":{"line":291,"column":20},"end":{"line":292,"column":67}}]},"32":{"type":"branch","line":295,"loc":{"start":{"line":295,"column":45},"end":{"line":295,"column":57}},"locations":[{"start":{"line":295,"column":45},"end":{"line":295,"column":57}}]},"33":{"type":"branch","line":295,"loc":{"start":{"line":295,"column":51},"end":{"line":295,"column":60}},"locations":[{"start":{"line":295,"column":51},"end":{"line":295,"column":60}}]},"34":{"type":"branch","line":288,"loc":{"start":{"line":288,"column":23},"end":{"line":288,"column":61}},"locations":[{"start":{"line":288,"column":23},"end":{"line":288,"column":61}}]},"35":{"type":"branch","line":405,"loc":{"start":{"line":405,"column":7},"end":{"line":412,"column":1}},"locations":[{"start":{"line":405,"column":7},"end":{"line":412,"column":1}}]}},"b":{"0":[42],"1":[0],"2":[2],"3":[29],"4":[29],"5":[29],"6":[0],"7":[29],"8":[0],"9":[33],"10":[2277],"11":[20],"12":[2],"13":[18],"14":[17],"15":[1],"16":[33],"17":[1989],"18":[196],"19":[1793],"20":[34],"21":[0],"22":[0],"23":[0],"24":[4],"25":[3],"26":[1],"27":[2],"28":[3],"29":[126],"30":[42],"31":[84],"32":[84],"33":[42],"34":[1],"35":[138]},"fnMap":{"0":{"name":"YieldCalculator","decl":{"start":{"line":36,"column":0},"end":{"line":394,"column":1}},"loc":{"start":{"line":36,"column":0},"end":{"line":394,"column":1}},"line":36},"1":{"name":"CustomTooltip","decl":{"start":{"line":104,"column":24},"end":{"line":125,"column":4}},"loc":{"start":{"line":104,"column":24},"end":{"line":125,"column":4}},"line":104},"2":{"name":"onChange","decl":{"start":{"line":169,"column":24},"end":{"line":169,"column":68}},"loc":{"start":{"line":169,"column":24},"end":{"line":169,"column":68}},"line":169},"3":{"name":"onChange","decl":{"start":{"line":191,"column":24},"end":{"line":191,"column":78}},"loc":{"start":{"line":191,"column":24},"end":{"line":191,"column":78}},"line":191},"4":{"name":"onMouseEnter","decl":{"start":{"line":207,"column":28},"end":{"line":207,"column":55}},"loc":{"start":{"line":207,"column":28},"end":{"line":207,"column":55}},"line":207},"5":{"name":"onMouseLeave","decl":{"start":{"line":208,"column":28},"end":{"line":208,"column":56}},"loc":{"start":{"line":208,"column":28},"end":{"line":208,"column":56}},"line":208},"6":{"name":"onChange","decl":{"start":{"line":225,"column":24},"end":{"line":225,"column":62}},"loc":{"start":{"line":225,"column":24},"end":{"line":225,"column":62}},"line":225},"7":{"name":"onChange","decl":{"start":{"line":247,"column":24},"end":{"line":247,"column":64}},"loc":{"start":{"line":247,"column":24},"end":{"line":247,"column":64}},"line":247},"8":{"name":"onClick","decl":{"start":{"line":288,"column":23},"end":{"line":288,"column":61}},"loc":{"start":{"line":288,"column":23},"end":{"line":288,"column":61}},"line":288},"9":{"name":"tickFormatter","decl":{"start":{"line":328,"column":29},"end":{"line":328,"column":73}},"loc":{"start":{"line":328,"column":29},"end":{"line":328,"column":73}},"line":328},"10":{"name":"MetricCard","decl":{"start":{"line":405,"column":7},"end":{"line":412,"column":1}},"loc":{"start":{"line":405,"column":7},"end":{"line":412,"column":1}},"line":405}},"f":{"0":42,"1":34,"2":4,"3":3,"4":1,"5":0,"6":2,"7":3,"8":1,"9":0,"10":138}}
,"/Users/mac/StellarYield/client/src/components/calculator/compoundMath.ts": {"path":"/Users/mac/StellarYield/client/src/components/calculator/compoundMath.ts","all":false,"statementMap":{"57":{"start":{"line":58,"column":0},"end":{"line":58,"column":88}},"58":{"start":{"line":59,"column":0},"end":{"line":59,"column":64}},"61":{"start":{"line":62,"column":0},"end":{"line":62,"column":31}},"64":{"start":{"line":65,"column":0},"end":{"line":65,"column":31}},"65":{"start":{"line":66,"column":0},"end":{"line":66,"column":50}},"69":{"start":{"line":70,"column":0},"end":{"line":70,"column":38}},"71":{"start":{"line":72,"column":0},"end":{"line":72,"column":44}},"72":{"start":{"line":73,"column":0},"end":{"line":73,"column":35}},"73":{"start":{"line":74,"column":0},"end":{"line":74,"column":37}},"76":{"start":{"line":77,"column":0},"end":{"line":77,"column":53}},"77":{"start":{"line":78,"column":0},"end":{"line":78,"column":40}},"78":{"start":{"line":79,"column":0},"end":{"line":79,"column":56}},"81":{"start":{"line":82,"column":0},"end":{"line":82,"column":56}},"84":{"start":{"line":85,"column":0},"end":{"line":85,"column":51}},"87":{"start":{"line":88,"column":0},"end":{"line":88,"column":47}},"88":{"start":{"line":89,"column":0},"end":{"line":89,"column":73}},"89":{"start":{"line":90,"column":0},"end":{"line":90,"column":59}},"90":{"start":{"line":91,"column":0},"end":{"line":91,"column":75}},"91":{"start":{"line":92,"column":0},"end":{"line":92,"column":69}},"92":{"start":{"line":93,"column":0},"end":{"line":93,"column":7}},"93":{"start":{"line":94,"column":0},"end":{"line":94,"column":5}},"96":{"start":{"line":97,"column":0},"end":{"line":97,"column":72}},"97":{"start":{"line":98,"column":0},"end":{"line":98,"column":58}},"100":{"start":{"line":101,"column":0},"end":{"line":101,"column":45}},"103":{"start":{"line":104,"column":0},"end":{"line":104,"column":61}},"105":{"start":{"line":106,"column":0},"end":{"line":106,"column":22}},"106":{"start":{"line":107,"column":0},"end":{"line":107,"column":20}},"107":{"start":{"line":108,"column":0},"end":{"line":108,"column":11}},"108":{"start":{"line":109,"column":0},"end":{"line":109,"column":20}},"109":{"start":{"line":110,"column":0},"end":{"line":110,"column":18}},"110":{"start":{"line":111,"column":0},"end":{"line":111,"column":20}},"111":{"start":{"line":112,"column":0},"end":{"line":112,"column":25}},"112":{"start":{"line":113,"column":0},"end":{"line":113,"column":20}},"113":{"start":{"line":114,"column":0},"end":{"line":114,"column":7}},"116":{"start":{"line":117,"column":0},"end":{"line":117,"column":29}},"117":{"start":{"line":118,"column":0},"end":{"line":118,"column":48}},"118":{"start":{"line":119,"column":0},"end":{"line":119,"column":46}},"119":{"start":{"line":120,"column":0},"end":{"line":120,"column":5}},"120":{"start":{"line":121,"column":0},"end":{"line":121,"column":3}},"122":{"start":{"line":123,"column":0},"end":{"line":123,"column":21}},"123":{"start":{"line":124,"column":0},"end":{"line":124,"column":1}},"128":{"start":{"line":129,"column":0},"end":{"line":129,"column":76}},"129":{"start":{"line":130,"column":0},"end":{"line":130,"column":33}},"130":{"start":{"line":131,"column":0},"end":{"line":131,"column":12}},"131":{"start":{"line":132,"column":0},"end":{"line":132,"column":20}},"132":{"start":{"line":133,"column":0},"end":{"line":133,"column":28}},"133":{"start":{"line":134,"column":0},"end":{"line":134,"column":23}},"134":{"start":{"line":135,"column":0},"end":{"line":135,"column":28}},"135":{"start":{"line":136,"column":0},"end":{"line":136,"column":26}},"136":{"start":{"line":137,"column":0},"end":{"line":137,"column":6}},"137":{"start":{"line":138,"column":0},"end":{"line":138,"column":3}},"139":{"start":{"line":140,"column":0},"end":{"line":140,"column":52}},"140":{"start":{"line":141,"column":0},"end":{"line":141,"column":54}},"142":{"start":{"line":143,"column":0},"end":{"line":143,"column":58}},"143":{"start":{"line":144,"column":0},"end":{"line":144,"column":61}},"144":{"start":{"line":145,"column":0},"end":{"line":145,"column":8}},"147":{"start":{"line":148,"column":0},"end":{"line":148,"column":68}},"148":{"start":{"line":149,"column":0},"end":{"line":149,"column":85}},"149":{"start":{"line":150,"column":0},"end":{"line":150,"column":8}},"151":{"start":{"line":152,"column":0},"end":{"line":152,"column":10}},"152":{"start":{"line":153,"column":0},"end":{"line":153,"column":36}},"153":{"start":{"line":154,"column":0},"end":{"line":154,"column":49}},"154":{"start":{"line":155,"column":0},"end":{"line":155,"column":39}},"155":{"start":{"line":156,"column":0},"end":{"line":156,"column":23}},"156":{"start":{"line":157,"column":0},"end":{"line":157,"column":21}},"157":{"start":{"line":158,"column":0},"end":{"line":158,"column":4}},"158":{"start":{"line":159,"column":0},"end":{"line":159,"column":1}},"163":{"start":{"line":164,"column":0},"end":{"line":164,"column":55}},"164":{"start":{"line":165,"column":0},"end":{"line":165,"column":41}},"165":{"start":{"line":166,"column":0},"end":{"line":166,"column":22}},"166":{"start":{"line":167,"column":0},"end":{"line":167,"column":20}},"167":{"start":{"line":168,"column":0},"end":{"line":168,"column":29}},"168":{"start":{"line":169,"column":0},"end":{"line":169,"column":29}},"169":{"start":{"line":170,"column":0},"end":{"line":170,"column":19}},"170":{"start":{"line":171,"column":0},"end":{"line":171,"column":1}},"175":{"start":{"line":176,"column":0},"end":{"line":176,"column":79}},"176":{"start":{"line":177,"column":0},"end":{"line":177,"column":39}},"177":{"start":{"line":178,"column":0},"end":{"line":178,"column":1}},"182":{"start":{"line":183,"column":0},"end":{"line":183,"column":66}},"183":{"start":{"line":184,"column":0},"end":{"line":184,"column":30}},"185":{"start":{"line":186,"column":0},"end":{"line":186,"column":29}},"186":{"start":{"line":187,"column":0},"end":{"line":187,"column":54}},"187":{"start":{"line":188,"column":0},"end":{"line":188,"column":3}},"189":{"start":{"line":190,"column":0},"end":{"line":190,"column":38}},"190":{"start":{"line":191,"column":0},"end":{"line":191,"column":57}},"191":{"start":{"line":192,"column":0},"end":{"line":192,"column":3}},"193":{"start":{"line":194,"column":0},"end":{"line":194,"column":23}},"194":{"start":{"line":195,"column":0},"end":{"line":195,"column":42}},"195":{"start":{"line":196,"column":0},"end":{"line":196,"column":3}},"197":{"start":{"line":198,"column":0},"end":{"line":198,"column":26}},"198":{"start":{"line":199,"column":0},"end":{"line":199,"column":50}},"199":{"start":{"line":200,"column":0},"end":{"line":200,"column":3}},"201":{"start":{"line":202,"column":0},"end":{"line":202,"column":39}},"202":{"start":{"line":203,"column":0},"end":{"line":203,"column":59}},"203":{"start":{"line":204,"column":0},"end":{"line":204,"column":3}},"205":{"start":{"line":206,"column":0},"end":{"line":206,"column":45}},"206":{"start":{"line":207,"column":0},"end":{"line":207,"column":62}},"207":{"start":{"line":208,"column":0},"end":{"line":208,"column":3}},"209":{"start":{"line":210,"column":0},"end":{"line":210,"column":25}},"210":{"start":{"line":211,"column":0},"end":{"line":211,"column":56}},"211":{"start":{"line":212,"column":0},"end":{"line":212,"column":3}},"213":{"start":{"line":214,"column":0},"end":{"line":214,"column":26}},"214":{"start":{"line":215,"column":0},"end":{"line":215,"column":54}},"215":{"start":{"line":216,"column":0},"end":{"line":216,"column":3}},"217":{"start":{"line":218,"column":0},"end":{"line":218,"column":16}},"218":{"start":{"line":219,"column":0},"end":{"line":219,"column":1}}},"s":{"57":1,"58":41,"61":41,"64":41,"65":41,"69":41,"71":41,"72":41,"73":41,"76":41,"77":2543,"78":2543,"81":2543,"84":2543,"87":2543,"88":2298,"89":87639,"90":87639,"91":87639,"92":87639,"93":2298,"96":2543,"97":2543,"100":2543,"103":2543,"105":2543,"106":2543,"107":2543,"108":2543,"109":2543,"110":2543,"111":2543,"112":2543,"113":2543,"116":2543,"117":2502,"118":2502,"119":2502,"120":2543,"122":41,"123":41,"128":1,"129":32,"130":1,"131":1,"132":1,"133":1,"134":1,"135":1,"136":1,"137":1,"139":31,"140":31,"142":31,"143":28,"144":3,"147":32,"148":28,"149":3,"151":32,"152":32,"153":32,"154":32,"155":32,"156":32,"157":32,"158":32,"163":1,"164":215,"165":215,"166":215,"167":215,"168":215,"169":215,"170":215,"175":1,"176":133,"177":133,"182":1,"183":39,"185":39,"186":2,"187":2,"189":39,"190":1,"191":1,"193":39,"194":2,"195":2,"197":39,"198":1,"199":1,"201":39,"202":2,"203":2,"205":39,"206":1,"207":1,"209":39,"210":2,"211":2,"213":39,"214":1,"215":1,"217":39,"218":39},"branchMap":{"0":{"type":"branch","line":58,"loc":{"start":{"line":58,"column":7},"end":{"line":124,"column":1}},"locations":[{"start":{"line":58,"column":7},"end":{"line":124,"column":1}}]},"1":{"type":"branch","line":77,"loc":{"start":{"line":77,"column":52},"end":{"line":121,"column":3}},"locations":[{"start":{"line":77,"column":52},"end":{"line":121,"column":3}}]},"2":{"type":"branch","line":88,"loc":{"start":{"line":88,"column":30},"end":{"line":88,"column":46}},"locations":[{"start":{"line":88,"column":30},"end":{"line":88,"column":46}}]},"3":{"type":"branch","line":88,"loc":{"start":{"line":88,"column":46},"end":{"line":94,"column":5}},"locations":[{"start":{"line":88,"column":46},"end":{"line":94,"column":5}}]},"4":{"type":"branch","line":89,"loc":{"start":{"line":89,"column":72},"end":{"line":93,"column":7}},"locations":[{"start":{"line":89,"column":72},"end":{"line":93,"column":7}}]},"5":{"type":"branch","line":117,"loc":{"start":{"line":117,"column":28},"end":{"line":120,"column":5}},"locations":[{"start":{"line":117,"column":28},"end":{"line":120,"column":5}}]},"6":{"type":"branch","line":129,"loc":{"start":{"line":129,"column":7},"end":{"line":159,"column":1}},"locations":[{"start":{"line":129,"column":7},"end":{"line":159,"column":1}}]},"7":{"type":"branch","line":130,"loc":{"start":{"line":130,"column":32},"end":{"line":138,"column":3}},"locations":[{"start":{"line":130,"column":32},"end":{"line":138,"column":3}}]},"8":{"type":"branch","line":138,"loc":{"start":{"line":138,"column":2},"end":{"line":144,"column":61}},"locations":[{"start":{"line":138,"column":2},"end":{"line":144,"column":61}}]},"9":{"type":"branch","line":143,"loc":{"start":{"line":143,"column":56},"end":{"line":144,"column":61}},"locations":[{"start":{"line":143,"column":56},"end":{"line":144,"column":61}}]},"10":{"type":"branch","line":144,"loc":{"start":{"line":144,"column":57},"end":{"line":145,"column":8}},"locations":[{"start":{"line":144,"column":57},"end":{"line":145,"column":8}}]},"11":{"type":"branch","line":148,"loc":{"start":{"line":148,"column":35},"end":{"line":148,"column":68}},"locations":[{"start":{"line":148,"column":35},"end":{"line":148,"column":68}}]},"12":{"type":"branch","line":148,"loc":{"start":{"line":148,"column":67},"end":{"line":149,"column":85}},"locations":[{"start":{"line":148,"column":67},"end":{"line":149,"column":85}}]},"13":{"type":"branch","line":149,"loc":{"start":{"line":149,"column":82},"end":{"line":150,"column":8}},"locations":[{"start":{"line":149,"column":82},"end":{"line":150,"column":8}}]},"14":{"type":"branch","line":164,"loc":{"start":{"line":164,"column":7},"end":{"line":171,"column":1}},"locations":[{"start":{"line":164,"column":7},"end":{"line":171,"column":1}}]},"15":{"type":"branch","line":176,"loc":{"start":{"line":176,"column":7},"end":{"line":178,"column":1}},"locations":[{"start":{"line":176,"column":7},"end":{"line":178,"column":1}}]},"16":{"type":"branch","line":183,"loc":{"start":{"line":183,"column":7},"end":{"line":219,"column":1}},"locations":[{"start":{"line":183,"column":7},"end":{"line":219,"column":1}}]},"17":{"type":"branch","line":186,"loc":{"start":{"line":186,"column":28},"end":{"line":188,"column":3}},"locations":[{"start":{"line":186,"column":28},"end":{"line":188,"column":3}}]},"18":{"type":"branch","line":190,"loc":{"start":{"line":190,"column":37},"end":{"line":192,"column":3}},"locations":[{"start":{"line":190,"column":37},"end":{"line":192,"column":3}}]},"19":{"type":"branch","line":194,"loc":{"start":{"line":194,"column":22},"end":{"line":196,"column":3}},"locations":[{"start":{"line":194,"column":22},"end":{"line":196,"column":3}}]},"20":{"type":"branch","line":198,"loc":{"start":{"line":198,"column":25},"end":{"line":200,"column":3}},"locations":[{"start":{"line":198,"column":25},"end":{"line":200,"column":3}}]},"21":{"type":"branch","line":202,"loc":{"start":{"line":202,"column":38},"end":{"line":204,"column":3}},"locations":[{"start":{"line":202,"column":38},"end":{"line":204,"column":3}}]},"22":{"type":"branch","line":206,"loc":{"start":{"line":206,"column":44},"end":{"line":208,"column":3}},"locations":[{"start":{"line":206,"column":44},"end":{"line":208,"column":3}}]},"23":{"type":"branch","line":210,"loc":{"start":{"line":210,"column":24},"end":{"line":212,"column":3}},"locations":[{"start":{"line":210,"column":24},"end":{"line":212,"column":3}}]},"24":{"type":"branch","line":214,"loc":{"start":{"line":214,"column":25},"end":{"line":216,"column":3}},"locations":[{"start":{"line":214,"column":25},"end":{"line":216,"column":3}}]}},"b":{"0":[41],"1":[2543],"2":[2334],"3":[2298],"4":[87639],"5":[2502],"6":[32],"7":[1],"8":[31],"9":[28],"10":[3],"11":[31],"12":[28],"13":[3],"14":[215],"15":[133],"16":[39],"17":[2],"18":[1],"19":[2],"20":[1],"21":[2],"22":[1],"23":[2],"24":[1]},"fnMap":{"0":{"name":"calculateCompoundProjection","decl":{"start":{"line":58,"column":7},"end":{"line":124,"column":1}},"loc":{"start":{"line":58,"column":7},"end":{"line":124,"column":1}},"line":58},"1":{"name":"calculateProjectionMetrics","decl":{"start":{"line":129,"column":7},"end":{"line":159,"column":1}},"loc":{"start":{"line":129,"column":7},"end":{"line":159,"column":1}},"line":129},"2":{"name":"formatCurrency","decl":{"start":{"line":164,"column":7},"end":{"line":171,"column":1}},"loc":{"start":{"line":164,"column":7},"end":{"line":171,"column":1}},"line":164},"3":{"name":"formatPercentage","decl":{"start":{"line":176,"column":7},"end":{"line":178,"column":1}},"loc":{"start":{"line":176,"column":7},"end":{"line":178,"column":1}},"line":176},"4":{"name":"validateConfig","decl":{"start":{"line":183,"column":7},"end":{"line":219,"column":1}},"loc":{"start":{"line":183,"column":7},"end":{"line":219,"column":1}},"line":183}},"f":{"0":41,"1":32,"2":215,"3":133,"4":39}}
,"/Users/mac/StellarYield/client/src/components/calculator/index.ts": {"path":"/Users/mac/StellarYield/client/src/components/calculator/index.ts","all":true,"statementMap":{"0":{"start":{"line":1,"column":0},"end":{"line":1,"column":63}},"1":{"start":{"line":2,"column":0},"end":{"line":2,"column":31}}},"s":{"0":0,"1":0},"branchMap":{"0":{"type":"branch","line":1,"loc":{"start":{"line":1,"column":95},"end":{"line":2,"column":31}},"locations":[{"start":{"line":1,"column":95},"end":{"line":2,"column":31}}]}},"b":{"0":[0]},"fnMap":{"0":{"name":"(empty-report)","decl":{"start":{"line":1,"column":95},"end":{"line":2,"column":31}},"loc":{"start":{"line":1,"column":95},"end":{"line":2,"column":31}},"line":1}},"f":{"0":0}}
}
